<?xml version="1.0" encoding="UTF-8"?>
<!-- Generated by org.testng.reporters.JUnitXMLReporter -->
<testsuite hostname="Nivas" failures="1" tests="1" name="Test1" time="70.626" errors="0" timestamp="10 Feb 2019 18:07:01 GMT">
  <testcase classname="appium.webParralel.Swipe" name="swipe" time="22.647">
    <failure type="org.openqa.selenium.NoSuchElementException" message="An element could not be located on the page using the given search parameters. (WARNING: The server did not provide any stacktrace information)
Command duration or timeout: 0 milliseconds
For documentation on this error, please visit: http://seleniumhq.org/exceptions/no_such_element.html
Build info: version: &amp;apos;3.12.0&amp;apos;, revision: &amp;apos;7c6e0b3&amp;apos;, time: &amp;apos;2018-05-08T14:04:26.12Z&amp;apos;
System info: host: &amp;apos;NIVAS&amp;apos;, ip: &amp;apos;192.168.22.2&amp;apos;, os.name: &amp;apos;Windows 8.1&amp;apos;, os.arch: &amp;apos;amd64&amp;apos;, os.version: &amp;apos;6.3&amp;apos;, java.version: &amp;apos;10.0.2&amp;apos;
Driver info: io.appium.java_client.android.AndroidDriver
Capabilities {appActivity: com.snapdeal.ui.material.ac..., appPackage: com.snapdeal.main, browserName: , clearSystemFiles: true, databaseEnabled: false, desired: {appActivity: com.snapdeal.ui.material.ac..., appPackage: com.snapdeal.main, browserName: , clearSystemFiles: true, deviceName: AVY9KA9631301284, fullReset: false, newCommandTimeout: 2000, noReset: true, platform: ANDROID, platformName: Android, udid: AVY9KA9631301284, version: 5.1}, deviceManufacturer: HUAWEI, deviceModel: TIT-AL00, deviceName: AVY9KA9631301284, deviceScreenSize: 720x1280, deviceUDID: AVY9KA9631301284, fullReset: false, javascriptEnabled: true, locationContextEnabled: false, networkConnectionEnabled: true, newCommandTimeout: 2000, noReset: true, platform: ANDROID, platformName: Android, platformVersion: 5.1, takesScreenshot: true, udid: AVY9KA9631301284, version: 5.1, warnings: {}, webStorageEnabled: false}
Session ID: cfccb32b-07ac-4212-a744-deacf8ffb2a1
*** Element info: {Using=-android uiautomator, value=new UiScrollable(new UiSelector()).scrollIntoView(new UiSelector().text(&amp;quot;Jordan Football Design Sportswear&amp;quot;))}">
      <![CDATA[org.openqa.selenium.NoSuchElementException: An element could not be located on the page using the given search parameters. (WARNING: The server did not provide any stacktrace information)
Command duration or timeout: 0 milliseconds
For documentation on this error, please visit: http://seleniumhq.org/exceptions/no_such_element.html
Build info: version: '3.12.0', revision: '7c6e0b3', time: '2018-05-08T14:04:26.12Z'
System info: host: 'NIVAS', ip: '192.168.22.2', os.name: 'Windows 8.1', os.arch: 'amd64', os.version: '6.3', java.version: '10.0.2'
Driver info: io.appium.java_client.android.AndroidDriver
Capabilities {appActivity: com.snapdeal.ui.material.ac..., appPackage: com.snapdeal.main, browserName: , clearSystemFiles: true, databaseEnabled: false, desired: {appActivity: com.snapdeal.ui.material.ac..., appPackage: com.snapdeal.main, browserName: , clearSystemFiles: true, deviceName: AVY9KA9631301284, fullReset: false, newCommandTimeout: 2000, noReset: true, platform: ANDROID, platformName: Android, udid: AVY9KA9631301284, version: 5.1}, deviceManufacturer: HUAWEI, deviceModel: TIT-AL00, deviceName: AVY9KA9631301284, deviceScreenSize: 720x1280, deviceUDID: AVY9KA9631301284, fullReset: false, javascriptEnabled: true, locationContextEnabled: false, networkConnectionEnabled: true, newCommandTimeout: 2000, noReset: true, platform: ANDROID, platformName: Android, platformVersion: 5.1, takesScreenshot: true, udid: AVY9KA9631301284, version: 5.1, warnings: {}, webStorageEnabled: false}
Session ID: cfccb32b-07ac-4212-a744-deacf8ffb2a1
*** Element info: {Using=-android uiautomator, value=new UiScrollable(new UiSelector()).scrollIntoView(new UiSelector().text("Jordan Football Design Sportswear"))}
	at org.openqa.selenium.remote.ErrorHandler.createThrowable(ErrorHandler.java:214)
	at org.openqa.selenium.remote.ErrorHandler.throwIfResponseFailed(ErrorHandler.java:166)
	at org.openqa.selenium.remote.http.JsonHttpResponseCodec.reconstructValue(JsonHttpResponseCodec.java:40)
	at org.openqa.selenium.remote.http.AbstractHttpResponseCodec.decode(AbstractHttpResponseCodec.java:80)
	at org.openqa.selenium.remote.http.AbstractHttpResponseCodec.decode(AbstractHttpResponseCodec.java:44)
	at org.openqa.selenium.remote.HttpCommandExecutor.execute(HttpCommandExecutor.java:158)
	at io.appium.java_client.remote.AppiumCommandExecutor.execute(AppiumCommandExecutor.java:231)
	at org.openqa.selenium.remote.RemoteWebDriver.execute(RemoteWebDriver.java:548)
	at io.appium.java_client.DefaultGenericMobileDriver.execute(DefaultGenericMobileDriver.java:42)
	at io.appium.java_client.AppiumDriver.execute(AppiumDriver.java:1)
	at io.appium.java_client.android.AndroidDriver.execute(AndroidDriver.java:1)
	at org.openqa.selenium.remote.RemoteWebDriver.findElement(RemoteWebDriver.java:322)
	at io.appium.java_client.DefaultGenericMobileDriver.findElement(DefaultGenericMobileDriver.java:62)
	at io.appium.java_client.AppiumDriver.findElement(AppiumDriver.java:1)
	at io.appium.java_client.android.AndroidDriver.findElement(AndroidDriver.java:1)
	at io.appium.java_client.FindsByAndroidUIAutomator.findElementByAndroidUIAutomator(FindsByAndroidUIAutomator.java:38)
	at appium.webParralel.Swipe.scrollToUiselector(Swipe.java:99)
	at appium.webParralel.Swipe.swipe(Swipe.java:26)
	at java.base/java.util.concurrent.FutureTask.run(FutureTask.java:264)
	at java.base/java.util.concurrent.ThreadPoolExecutor.runWorker(ThreadPoolExecutor.java:1135)
	at java.base/java.util.concurrent.ThreadPoolExecutor$Worker.run(ThreadPoolExecutor.java:635)
	at java.base/java.lang.Thread.run(Thread.java:844)
... Removed 20 stack frames]]>
    </failure>
  </testcase> <!-- swipe -->
</testsuite> <!-- Test1 -->
